mode: set
github.com/Oabraham1/open-blogger/server/internal/db/blogpost.db.go:15.34,21.2 3 0
github.com/Oabraham1/open-blogger/server/internal/db/blogpost.db.go:23.99,25.16 2 1
github.com/Oabraham1/open-blogger/server/internal/db/blogpost.db.go:25.16,27.3 1 0
github.com/Oabraham1/open-blogger/server/internal/db/blogpost.db.go:28.2,30.30 3 1
github.com/Oabraham1/open-blogger/server/internal/db/blogpost.db.go:33.85,35.27 2 1
github.com/Oabraham1/open-blogger/server/internal/db/blogpost.db.go:35.27,37.3 1 0
github.com/Oabraham1/open-blogger/server/internal/db/blogpost.db.go:39.2,41.16 3 1
github.com/Oabraham1/open-blogger/server/internal/db/blogpost.db.go:41.16,43.3 1 0
github.com/Oabraham1/open-blogger/server/internal/db/blogpost.db.go:44.2,44.28 1 1
github.com/Oabraham1/open-blogger/server/internal/db/blogpost.db.go:47.91,49.16 2 1
github.com/Oabraham1/open-blogger/server/internal/db/blogpost.db.go:49.16,51.3 1 0
github.com/Oabraham1/open-blogger/server/internal/db/blogpost.db.go:53.2,57.40 3 1
github.com/Oabraham1/open-blogger/server/internal/db/blogpost.db.go:57.40,60.17 3 1
github.com/Oabraham1/open-blogger/server/internal/db/blogpost.db.go:60.17,62.4 1 0
github.com/Oabraham1/open-blogger/server/internal/db/blogpost.db.go:63.3,63.43 1 1
github.com/Oabraham1/open-blogger/server/internal/db/blogpost.db.go:66.2,66.35 1 1
github.com/Oabraham1/open-blogger/server/internal/db/blogpost.db.go:66.35,68.3 1 0
github.com/Oabraham1/open-blogger/server/internal/db/blogpost.db.go:70.2,70.23 1 1
github.com/Oabraham1/open-blogger/server/internal/db/blogpost.db.go:73.82,75.16 2 1
github.com/Oabraham1/open-blogger/server/internal/db/blogpost.db.go:75.16,77.3 1 0
github.com/Oabraham1/open-blogger/server/internal/db/blogpost.db.go:78.2,78.12 1 1
github.com/Oabraham1/open-blogger/server/internal/db/blogpost.db.go:81.67,83.16 2 1
github.com/Oabraham1/open-blogger/server/internal/db/blogpost.db.go:83.16,85.3 1 0
github.com/Oabraham1/open-blogger/server/internal/db/blogpost.db.go:86.2,86.12 1 1
github.com/Oabraham1/open-blogger/server/internal/db/blogpost.db.go:89.71,91.16 2 1
github.com/Oabraham1/open-blogger/server/internal/db/blogpost.db.go:91.16,93.3 1 0
github.com/Oabraham1/open-blogger/server/internal/db/blogpost.db.go:94.2,94.12 1 1
github.com/Oabraham1/open-blogger/server/internal/db/mongo.go:19.32,25.2 4 0
github.com/Oabraham1/open-blogger/server/internal/db/mongo.go:27.38,29.2 1 0
github.com/Oabraham1/open-blogger/server/internal/db/mongo.go:31.130,33.2 1 1
github.com/Oabraham1/open-blogger/server/internal/db/mongo.go:35.115,37.2 1 1
github.com/Oabraham1/open-blogger/server/internal/db/mongo.go:39.121,41.2 1 1
github.com/Oabraham1/open-blogger/server/internal/db/mongo.go:43.146,45.2 1 1
github.com/Oabraham1/open-blogger/server/internal/db/mongo.go:47.126,49.2 1 1
github.com/Oabraham1/open-blogger/server/internal/db/mongo.go:51.129,53.2 1 1
github.com/Oabraham1/open-blogger/server/internal/db/user.db.go:14.26,20.2 3 0
github.com/Oabraham1/open-blogger/server/internal/db/user.db.go:22.80,24.16 2 1
github.com/Oabraham1/open-blogger/server/internal/db/user.db.go:24.16,26.3 1 0
github.com/Oabraham1/open-blogger/server/internal/db/user.db.go:27.2,27.52 1 1
github.com/Oabraham1/open-blogger/server/internal/db/user.db.go:30.74,32.23 2 1
github.com/Oabraham1/open-blogger/server/internal/db/user.db.go:32.23,34.3 1 0
github.com/Oabraham1/open-blogger/server/internal/db/user.db.go:36.2,38.16 3 1
github.com/Oabraham1/open-blogger/server/internal/db/user.db.go:38.16,40.3 1 0
github.com/Oabraham1/open-blogger/server/internal/db/user.db.go:41.2,41.24 1 1
github.com/Oabraham1/open-blogger/server/internal/db/user.db.go:44.80,46.16 2 1
github.com/Oabraham1/open-blogger/server/internal/db/user.db.go:46.16,48.3 1 0
github.com/Oabraham1/open-blogger/server/internal/db/user.db.go:49.2,49.12 1 1
github.com/Oabraham1/open-blogger/server/internal/db/user.db.go:52.60,54.16 2 1
github.com/Oabraham1/open-blogger/server/internal/db/user.db.go:54.16,56.3 1 0
github.com/Oabraham1/open-blogger/server/internal/db/user.db.go:57.2,57.12 1 1
